{"/Users/dverma/Library/Mobile Documents/com~apple~CloudDocs/Code/NODE/htau-crypt/index.js":{"path":"/Users/dverma/Library/Mobile Documents/com~apple~CloudDocs/Code/NODE/htau-crypt/index.js","s":{"1":1,"2":1,"3":1},"b":{},"f":{},"fnMap":{},"statementMap":{"1":{"start":{"line":10,"column":0},"end":{"line":10,"column":29}},"2":{"start":{"line":19,"column":0},"end":{"line":19,"column":50}},"3":{"start":{"line":21,"column":0},"end":{"line":21,"column":23}}},"branchMap":{}},"/Users/dverma/Library/Mobile Documents/com~apple~CloudDocs/Code/NODE/htau-crypt/lib/index.js":{"path":"/Users/dverma/Library/Mobile Documents/com~apple~CloudDocs/Code/NODE/htau-crypt/lib/index.js","s":{"1":1,"2":1,"3":1,"4":1,"5":1,"6":4,"7":4,"8":4,"9":4,"10":0,"11":4,"12":4,"13":2,"14":2,"15":2,"16":2,"17":2,"18":2,"19":0,"20":0,"21":2,"22":2,"23":1,"24":1,"25":2,"26":2,"27":2,"28":2,"29":2,"30":2,"31":0,"32":0,"33":4,"34":2,"35":2,"36":1,"37":1,"38":1,"39":0,"40":0,"41":0,"42":0,"43":0,"44":0,"45":0,"46":0,"47":0,"48":0,"49":0,"50":0,"51":0,"52":0,"53":0,"54":0,"55":0,"56":0,"57":0,"58":0,"59":0,"60":0,"61":0,"62":0,"63":0,"64":0,"65":0,"66":0,"67":0,"68":0,"69":0,"70":0,"71":0,"72":0,"73":0,"74":0,"75":0,"76":0,"77":0,"78":0,"79":0,"80":0,"81":0,"82":0,"83":0,"84":1},"b":{"1":[4,0],"2":[4,0],"3":[4,0],"4":[0,4],"5":[4,0],"6":[4,0],"7":[4,0],"8":[4,0],"9":[4,2],"10":[1,1],"11":[1,1]},"f":{"1":4,"2":2,"3":2,"4":0,"5":2,"6":2,"7":2,"8":0,"9":4,"10":2,"11":0,"12":0,"13":0,"14":0,"15":0,"16":0,"17":0,"18":0,"19":0,"20":0,"21":0,"22":0,"23":0,"24":0,"25":0,"26":0},"fnMap":{"1":{"name":"(anonymous_1)","line":23,"loc":{"start":{"line":23,"column":12},"end":{"line":23,"column":22}}},"2":{"name":"(anonymous_2)","line":50,"loc":{"start":{"line":50,"column":11},"end":{"line":50,"column":14}}},"3":{"name":"(anonymous_3)","line":52,"loc":{"start":{"line":52,"column":21},"end":{"line":52,"column":45}}},"4":{"name":"(anonymous_4)","line":61,"loc":{"start":{"line":61,"column":17},"end":{"line":61,"column":31}}},"5":{"name":"(anonymous_5)","line":65,"loc":{"start":{"line":65,"column":18},"end":{"line":65,"column":29}}},"6":{"name":"(anonymous_6)","line":81,"loc":{"start":{"line":81,"column":11},"end":{"line":81,"column":14}}},"7":{"name":"(anonymous_7)","line":83,"loc":{"start":{"line":83,"column":21},"end":{"line":83,"column":45}}},"8":{"name":"(anonymous_8)","line":90,"loc":{"start":{"line":90,"column":17},"end":{"line":90,"column":31}}},"9":{"name":"(anonymous_9)","line":94,"loc":{"start":{"line":94,"column":16},"end":{"line":94,"column":33}}},"10":{"name":"(anonymous_10)","line":97,"loc":{"start":{"line":97,"column":15},"end":{"line":97,"column":26}}},"11":{"name":"(anonymous_11)","line":112,"loc":{"start":{"line":112,"column":14},"end":{"line":112,"column":17}}},"12":{"name":"(anonymous_12)","line":127,"loc":{"start":{"line":127,"column":14},"end":{"line":127,"column":17}}},"13":{"name":"(anonymous_13)","line":146,"loc":{"start":{"line":146,"column":11},"end":{"line":146,"column":18}}},"14":{"name":"(anonymous_14)","line":148,"loc":{"start":{"line":148,"column":21},"end":{"line":148,"column":45}}},"15":{"name":"(anonymous_15)","line":161,"loc":{"start":{"line":161,"column":11},"end":{"line":161,"column":18}}},"16":{"name":"(anonymous_16)","line":163,"loc":{"start":{"line":163,"column":21},"end":{"line":163,"column":45}}},"17":{"name":"(anonymous_17)","line":176,"loc":{"start":{"line":176,"column":11},"end":{"line":176,"column":18}}},"18":{"name":"(anonymous_18)","line":178,"loc":{"start":{"line":178,"column":21},"end":{"line":178,"column":45}}},"19":{"name":"(anonymous_19)","line":195,"loc":{"start":{"line":195,"column":11},"end":{"line":195,"column":23}}},"20":{"name":"(anonymous_20)","line":197,"loc":{"start":{"line":197,"column":21},"end":{"line":197,"column":45}}},"21":{"name":"(anonymous_21)","line":212,"loc":{"start":{"line":212,"column":14},"end":{"line":212,"column":23}}},"22":{"name":"(anonymous_22)","line":214,"loc":{"start":{"line":214,"column":21},"end":{"line":214,"column":45}}},"23":{"name":"(anonymous_23)","line":225,"loc":{"start":{"line":225,"column":14},"end":{"line":225,"column":23}}},"24":{"name":"(anonymous_24)","line":227,"loc":{"start":{"line":227,"column":21},"end":{"line":227,"column":45}}},"25":{"name":"(anonymous_25)","line":239,"loc":{"start":{"line":239,"column":11},"end":{"line":239,"column":18}}},"26":{"name":"(anonymous_26)","line":241,"loc":{"start":{"line":241,"column":21},"end":{"line":241,"column":45}}}},"statementMap":{"1":{"start":{"line":10,"column":0},"end":{"line":10,"column":33}},"2":{"start":{"line":11,"column":0},"end":{"line":11,"column":25}},"3":{"start":{"line":12,"column":0},"end":{"line":12,"column":29}},"4":{"start":{"line":13,"column":0},"end":{"line":13,"column":32}},"5":{"start":{"line":14,"column":0},"end":{"line":14,"column":29}},"6":{"start":{"line":24,"column":2},"end":{"line":24,"column":26}},"7":{"start":{"line":26,"column":2},"end":{"line":26,"column":37}},"8":{"start":{"line":30,"column":2},"end":{"line":30,"column":52}},"9":{"start":{"line":31,"column":2},"end":{"line":33,"column":3}},"10":{"start":{"line":32,"column":3},"end":{"line":32,"column":62}},"11":{"start":{"line":34,"column":2},"end":{"line":41,"column":5}},"12":{"start":{"line":43,"column":2},"end":{"line":43,"column":14}},"13":{"start":{"line":51,"column":2},"end":{"line":51,"column":20}},"14":{"start":{"line":52,"column":2},"end":{"line":72,"column":5}},"15":{"start":{"line":54,"column":3},"end":{"line":54,"column":89}},"16":{"start":{"line":55,"column":3},"end":{"line":55,"column":67}},"17":{"start":{"line":56,"column":3},"end":{"line":56,"column":92}},"18":{"start":{"line":58,"column":3},"end":{"line":71,"column":7}},"19":{"start":{"line":62,"column":5},"end":{"line":62,"column":56}},"20":{"start":{"line":63,"column":5},"end":{"line":63,"column":68}},"21":{"start":{"line":66,"column":5},"end":{"line":66,"column":46}},"22":{"start":{"line":67,"column":5},"end":{"line":69,"column":6}},"23":{"start":{"line":68,"column":6},"end":{"line":68,"column":90}},"24":{"start":{"line":70,"column":5},"end":{"line":70,"column":26}},"25":{"start":{"line":82,"column":2},"end":{"line":82,"column":20}},"26":{"start":{"line":83,"column":2},"end":{"line":105,"column":5}},"27":{"start":{"line":85,"column":3},"end":{"line":85,"column":91}},"28":{"start":{"line":86,"column":3},"end":{"line":86,"column":67}},"29":{"start":{"line":87,"column":3},"end":{"line":87,"column":17}},"30":{"start":{"line":88,"column":3},"end":{"line":104,"column":7}},"31":{"start":{"line":91,"column":5},"end":{"line":91,"column":56}},"32":{"start":{"line":92,"column":5},"end":{"line":92,"column":68}},"33":{"start":{"line":95,"column":5},"end":{"line":95,"column":31}},"34":{"start":{"line":98,"column":5},"end":{"line":98,"column":46}},"35":{"start":{"line":99,"column":5},"end":{"line":101,"column":6}},"36":{"start":{"line":100,"column":6},"end":{"line":100,"column":27}},"37":{"start":{"line":102,"column":5},"end":{"line":102,"column":80}},"38":{"start":{"line":103,"column":5},"end":{"line":103,"column":26}},"39":{"start":{"line":113,"column":2},"end":{"line":113,"column":20}},"40":{"start":{"line":115,"column":2},"end":{"line":115,"column":60}},"41":{"start":{"line":117,"column":2},"end":{"line":120,"column":66}},"42":{"start":{"line":128,"column":2},"end":{"line":128,"column":20}},"43":{"start":{"line":130,"column":2},"end":{"line":130,"column":60}},"44":{"start":{"line":132,"column":2},"end":{"line":132,"column":104}},"45":{"start":{"line":134,"column":2},"end":{"line":138,"column":58}},"46":{"start":{"line":147,"column":2},"end":{"line":147,"column":20}},"47":{"start":{"line":148,"column":2},"end":{"line":153,"column":5}},"48":{"start":{"line":149,"column":3},"end":{"line":149,"column":80}},"49":{"start":{"line":150,"column":3},"end":{"line":150,"column":52}},"50":{"start":{"line":151,"column":3},"end":{"line":151,"column":34}},"51":{"start":{"line":152,"column":3},"end":{"line":152,"column":27}},"52":{"start":{"line":162,"column":2},"end":{"line":162,"column":20}},"53":{"start":{"line":163,"column":2},"end":{"line":168,"column":5}},"54":{"start":{"line":164,"column":3},"end":{"line":164,"column":84}},"55":{"start":{"line":165,"column":3},"end":{"line":165,"column":50}},"56":{"start":{"line":166,"column":3},"end":{"line":166,"column":33}},"57":{"start":{"line":167,"column":3},"end":{"line":167,"column":23}},"58":{"start":{"line":177,"column":2},"end":{"line":177,"column":20}},"59":{"start":{"line":178,"column":2},"end":{"line":187,"column":5}},"60":{"start":{"line":179,"column":3},"end":{"line":179,"column":99}},"61":{"start":{"line":180,"column":3},"end":{"line":181,"column":30}},"62":{"start":{"line":182,"column":3},"end":{"line":182,"column":36}},"63":{"start":{"line":183,"column":3},"end":{"line":186,"column":6}},"64":{"start":{"line":196,"column":2},"end":{"line":196,"column":20}},"65":{"start":{"line":197,"column":2},"end":{"line":204,"column":5}},"66":{"start":{"line":198,"column":3},"end":{"line":198,"column":103}},"67":{"start":{"line":200,"column":3},"end":{"line":200,"column":38}},"68":{"start":{"line":201,"column":3},"end":{"line":201,"column":63}},"69":{"start":{"line":202,"column":3},"end":{"line":202,"column":33}},"70":{"start":{"line":203,"column":3},"end":{"line":203,"column":23}},"71":{"start":{"line":213,"column":2},"end":{"line":213,"column":20}},"72":{"start":{"line":214,"column":2},"end":{"line":217,"column":5}},"73":{"start":{"line":215,"column":3},"end":{"line":215,"column":80}},"74":{"start":{"line":216,"column":3},"end":{"line":216,"column":74}},"75":{"start":{"line":226,"column":2},"end":{"line":226,"column":20}},"76":{"start":{"line":227,"column":2},"end":{"line":231,"column":5}},"77":{"start":{"line":228,"column":3},"end":{"line":228,"column":84}},"78":{"start":{"line":229,"column":3},"end":{"line":229,"column":78}},"79":{"start":{"line":240,"column":2},"end":{"line":240,"column":20}},"80":{"start":{"line":241,"column":2},"end":{"line":246,"column":5}},"81":{"start":{"line":243,"column":3},"end":{"line":243,"column":62}},"82":{"start":{"line":244,"column":3},"end":{"line":244,"column":21}},"83":{"start":{"line":245,"column":3},"end":{"line":245,"column":38}},"84":{"start":{"line":250,"column":0},"end":{"line":252,"column":2}}},"branchMap":{"1":{"line":24,"type":"binary-expr","locations":[{"start":{"line":24,"column":12},"end":{"line":24,"column":19}},{"start":{"line":24,"column":23},"end":{"line":24,"column":25}}]},"2":{"line":26,"type":"binary-expr","locations":[{"start":{"line":26,"column":16},"end":{"line":26,"column":29}},{"start":{"line":26,"column":33},"end":{"line":26,"column":36}}]},"3":{"line":30,"type":"binary-expr","locations":[{"start":{"line":30,"column":20},"end":{"line":30,"column":43}},{"start":{"line":30,"column":47},"end":{"line":30,"column":51}}]},"4":{"line":31,"type":"if","locations":[{"start":{"line":31,"column":2},"end":{"line":31,"column":2}},{"start":{"line":31,"column":2},"end":{"line":31,"column":2}}]},"5":{"line":36,"type":"binary-expr","locations":[{"start":{"line":36,"column":7},"end":{"line":36,"column":17}},{"start":{"line":36,"column":21},"end":{"line":36,"column":28}}]},"6":{"line":37,"type":"binary-expr","locations":[{"start":{"line":37,"column":8},"end":{"line":37,"column":19}},{"start":{"line":37,"column":23},"end":{"line":37,"column":33}}]},"7":{"line":38,"type":"binary-expr","locations":[{"start":{"line":38,"column":18},"end":{"line":38,"column":39}},{"start":{"line":38,"column":43},"end":{"line":38,"column":47}}]},"8":{"line":39,"type":"binary-expr","locations":[{"start":{"line":39,"column":19},"end":{"line":39,"column":41}},{"start":{"line":39,"column":45},"end":{"line":39,"column":49}}]},"9":{"line":40,"type":"binary-expr","locations":[{"start":{"line":40,"column":11},"end":{"line":40,"column":25}},{"start":{"line":40,"column":29},"end":{"line":40,"column":34}}]},"10":{"line":67,"type":"if","locations":[{"start":{"line":67,"column":5},"end":{"line":67,"column":5}},{"start":{"line":67,"column":5},"end":{"line":67,"column":5}}]},"11":{"line":99,"type":"if","locations":[{"start":{"line":99,"column":5},"end":{"line":99,"column":5}},{"start":{"line":99,"column":5},"end":{"line":99,"column":5}}]}}}}