TN:
SF:/Users/dverma/Library/Mobile Documents/com~apple~CloudDocs/Code/NODE/htau-crypt/index.js
FNF:0
FNH:0
DA:10,1
DA:19,1
DA:21,1
LF:3
LH:3
BRF:0
BRH:0
end_of_record
TN:
SF:/Users/dverma/Library/Mobile Documents/com~apple~CloudDocs/Code/NODE/htau-crypt/lib/index.js
FN:23,(anonymous_1)
FN:50,(anonymous_2)
FN:52,(anonymous_3)
FN:61,(anonymous_4)
FN:65,(anonymous_5)
FN:81,(anonymous_6)
FN:83,(anonymous_7)
FN:90,(anonymous_8)
FN:94,(anonymous_9)
FN:97,(anonymous_10)
FN:112,(anonymous_11)
FN:127,(anonymous_12)
FN:146,(anonymous_13)
FN:148,(anonymous_14)
FN:161,(anonymous_15)
FN:163,(anonymous_16)
FN:176,(anonymous_17)
FN:178,(anonymous_18)
FN:195,(anonymous_19)
FN:197,(anonymous_20)
FN:212,(anonymous_21)
FN:214,(anonymous_22)
FN:225,(anonymous_23)
FN:227,(anonymous_24)
FN:239,(anonymous_25)
FN:241,(anonymous_26)
FNF:26
FNH:8
FNDA:4,(anonymous_1)
FNDA:2,(anonymous_2)
FNDA:2,(anonymous_3)
FNDA:0,(anonymous_4)
FNDA:2,(anonymous_5)
FNDA:2,(anonymous_6)
FNDA:2,(anonymous_7)
FNDA:0,(anonymous_8)
FNDA:4,(anonymous_9)
FNDA:2,(anonymous_10)
FNDA:0,(anonymous_11)
FNDA:0,(anonymous_12)
FNDA:0,(anonymous_13)
FNDA:0,(anonymous_14)
FNDA:0,(anonymous_15)
FNDA:0,(anonymous_16)
FNDA:0,(anonymous_17)
FNDA:0,(anonymous_18)
FNDA:0,(anonymous_19)
FNDA:0,(anonymous_20)
FNDA:0,(anonymous_21)
FNDA:0,(anonymous_22)
FNDA:0,(anonymous_23)
FNDA:0,(anonymous_24)
FNDA:0,(anonymous_25)
FNDA:0,(anonymous_26)
DA:10,1
DA:11,1
DA:12,1
DA:13,1
DA:14,1
DA:24,4
DA:26,4
DA:30,4
DA:31,4
DA:32,0
DA:34,4
DA:43,4
DA:51,2
DA:52,2
DA:54,2
DA:55,2
DA:56,2
DA:58,2
DA:62,0
DA:63,0
DA:66,2
DA:67,2
DA:68,1
DA:70,1
DA:82,2
DA:83,2
DA:85,2
DA:86,2
DA:87,2
DA:88,2
DA:91,0
DA:92,0
DA:95,4
DA:98,2
DA:99,2
DA:100,1
DA:102,1
DA:103,1
DA:113,0
DA:115,0
DA:117,0
DA:128,0
DA:130,0
DA:132,0
DA:134,0
DA:147,0
DA:148,0
DA:149,0
DA:150,0
DA:151,0
DA:152,0
DA:162,0
DA:163,0
DA:164,0
DA:165,0
DA:166,0
DA:167,0
DA:177,0
DA:178,0
DA:179,0
DA:180,0
DA:182,0
DA:183,0
DA:196,0
DA:197,0
DA:198,0
DA:200,0
DA:201,0
DA:202,0
DA:203,0
DA:213,0
DA:214,0
DA:215,0
DA:216,0
DA:226,0
DA:227,0
DA:228,0
DA:229,0
DA:240,0
DA:241,0
DA:243,0
DA:244,0
DA:245,0
DA:250,1
LF:84
LH:34
BRDA:24,1,0,4
BRDA:24,1,1,0
BRDA:26,2,0,4
BRDA:26,2,1,0
BRDA:30,3,0,4
BRDA:30,3,1,0
BRDA:31,4,0,0
BRDA:31,4,1,4
BRDA:36,5,0,4
BRDA:36,5,1,0
BRDA:37,6,0,4
BRDA:37,6,1,0
BRDA:38,7,0,4
BRDA:38,7,1,0
BRDA:39,8,0,4
BRDA:39,8,1,0
BRDA:40,9,0,4
BRDA:40,9,1,2
BRDA:67,10,0,1
BRDA:67,10,1,1
BRDA:99,11,0,1
BRDA:99,11,1,1
BRF:22
BRH:14
end_of_record
